--------Logs--------
[+] 14-04-2024 10:28:22 Server is listening at http://127.0.0.1:3000
[*] 14-04-2024 10:28:28 GET /
[*] 14-04-2024 10:28:53 POST /api/teacher/login
[*] 14-04-2024 10:28:53 GET /dashboard
[*] 14-04-2024 10:31:09 GET /dashboard
[*] 14-04-2024 10:31:10 GET /api/book/
[*] 14-04-2024 10:31:13 GET /dashboard
[*] 14-04-2024 10:31:13 GET /api/book/
[*] 14-04-2024 10:31:13 GET /dashboard
[*] 14-04-2024 10:31:13 GET /api/book/
[*] 14-04-2024 10:32:30 GET /
[*] 14-04-2024 10:32:45 POST /api/teacher/login
[*] 14-04-2024 10:32:45 GET /dashboard
[*] 14-04-2024 10:32:45 GET /api/book/
[*] 14-04-2024 10:36:32 GET /
[*] 14-04-2024 10:36:50 POST /api/teacher/login
[*] 14-04-2024 10:36:50 GET /dashboard
[*] 14-04-2024 10:36:50 GET /api/book/
[*] 14-04-2024 10:38:31 GET /
[*] 14-04-2024 10:38:45 POST /api/teacher/login
[*] 14-04-2024 10:38:45 GET /dashboard
[*] 14-04-2024 10:38:45 GET /api/book/
[*] 14-04-2024 10:39:11 GET /dashboard
[*] 14-04-2024 10:39:11 GET /api/book/
[*] 14-04-2024 10:39:11 GET /dashboard
[*] 14-04-2024 10:39:12 GET /api/book/
[*] 14-04-2024 10:39:17 GET /
[*] 14-04-2024 10:39:27 POST /api/teacher/login
[*] 14-04-2024 10:39:27 GET /dashboard
[*] 14-04-2024 10:39:27 GET /api/book/
[*] 14-04-2024 10:39:46 GET /dashboard
[*] 14-04-2024 10:39:46 GET /api/book/
[*] 14-04-2024 10:39:52 GET /
[*] 14-04-2024 10:40:00 POST /api/teacher/login
[*] 14-04-2024 10:40:00 GET /dashboard
[*] 14-04-2024 10:40:00 GET /api/book/
[+] 14-04-2024 11:05:31 Server is listening at http://127.0.0.1:3000
[*] 14-04-2024 11:05:40 GET /
[*] 14-04-2024 11:05:58 POST /api/teacher/login
[*] 14-04-2024 11:05:58 GET /dashboard
[*] 14-04-2024 11:05:58 GET /api/book/
[*] 14-04-2024 11:06:15 GET /dashboard
[*] 14-04-2024 11:06:15 GET /api/book/
[*] 14-04-2024 11:06:17 GET /dashboard
[*] 14-04-2024 11:06:17 GET /api/book/
[*] 14-04-2024 11:06:25 GET /dashboard
[*] 14-04-2024 11:06:25 GET /api/book/
[+] 14-04-2024 11:09:48 Server is listening at http://127.0.0.1:3000
[+] 14-04-2024 11:10:04 Server is listening at http://127.0.0.1:3000
[*] 14-04-2024 11:10:09 GET /dashboard
[*] 14-04-2024 11:10:09 GET /api/book/
[*] 14-04-2024 11:10:10 GET /dashboard
[*] 14-04-2024 11:10:10 GET /api/book/
[*] 14-04-2024 11:10:10 GET /dashboard
[*] 14-04-2024 11:10:10 GET /api/book/
[*] 14-04-2024 11:10:16 GET /
[*] 14-04-2024 11:10:27 POST /api/teacher/login
[*] 14-04-2024 11:10:27 GET /dashboard
[*] 14-04-2024 11:10:27 GET /api/book/
[*] 14-04-2024 11:18:39 GET /
[*] 14-04-2024 11:19:25 POST /api/teacher/login
[*] 14-04-2024 11:19:25 GET /dashboard
[*] 14-04-2024 11:19:25 GET /api/book/
[+] 14-04-2024 11:26:36 Server is listening at http://127.0.0.1:3000
[*] 14-04-2024 11:26:45 GET /
[*] 14-04-2024 11:26:51 POST /api/teacher/login
[*] 14-04-2024 11:26:51 GET /dashboard
[*] 14-04-2024 11:26:51 GET /api/teacher/book/
[-] 14-04-2024 11:26:51 BSONError: input must be a 24 character hex string, 12 byte Uint8Array, or an integer
[+] 14-04-2024 11:27:05 Server is listening at http://127.0.0.1:3000
[*] 14-04-2024 11:27:11 GET /
[*] 14-04-2024 11:27:18 POST /api/teacher/login
[*] 14-04-2024 11:27:18 GET /dashboard
[*] 14-04-2024 11:27:18 GET /teacher/book/
[+] 14-04-2024 11:27:58 Server is listening at http://127.0.0.1:3000
[*] 14-04-2024 11:28:04 GET /
[*] 14-04-2024 11:28:11 POST /api/teacher/login
[*] 14-04-2024 11:28:11 GET /dashboard
[*] 14-04-2024 11:28:12 GET /api/book/
[+] 14-04-2024 11:28:36 Server is listening at http://127.0.0.1:3000
[*] 14-04-2024 11:28:38 GET /dashboard
[*] 14-04-2024 11:28:38 GET /api/book/
[*] 14-04-2024 11:29:51 GET /dashboard
[*] 14-04-2024 11:29:51 GET /api/book/
[*] 14-04-2024 11:31:04 GET /dashboard
[*] 14-04-2024 11:31:04 GET /api/book/
[*] 14-04-2024 11:33:50 GET /
[*] 14-04-2024 11:34:02 POST /api/teacher/login
[*] 14-04-2024 11:34:02 GET /dashboard
[*] 14-04-2024 11:34:02 GET /api/book/
[*] 14-04-2024 11:40:40 GET /
[*] 14-04-2024 11:40:42 GET /
[*] 14-04-2024 11:43:04 GET /
[*] 14-04-2024 11:43:14 POST /api/teacher/login
[*] 14-04-2024 11:43:14 GET /dashboard
[*] 14-04-2024 11:43:14 GET /api/book/
[*] 14-04-2024 11:45:11 GET /
[+] 14-04-2024 11:56:56 Server is listening at http://127.0.0.1:3000
[+] 14-04-2024 12:00:26 Server is listening at http://127.0.0.1:3000
[+] 14-04-2024 12:04:25 Server is listening at http://127.0.0.1:3000
[+] 14-04-2024 12:04:57 Server is listening at http://127.0.0.1:3000
[*] 14-04-2024 12:07:06 GET /
[*] 14-04-2024 12:07:09 POST /api/teacher/login
[*] 14-04-2024 12:08:11 POST /api/teacher/login
[*] 14-04-2024 12:11:37 GET /
[+] 14-04-2024 12:12:31 Server is listening at http://127.0.0.1:3000
[*] 14-04-2024 12:12:43 GET /
[*] 14-04-2024 12:12:44 GET /
[*] 14-04-2024 12:12:44 GET /
[*] 14-04-2024 12:12:44 GET /
[*] 14-04-2024 12:13:22 POST /api/teacher/login
[+] 14-04-2024 12:18:16 Server is listening at http://127.0.0.1:3000
[+] 14-04-2024 12:19:48 Server is listening at http://127.0.0.1:3000
[+] 14-04-2024 12:22:33 Server is listening at http://127.0.0.1:3000
[+] 14-04-2024 12:23:09 Server is listening at http://127.0.0.1:3000
[*] 14-04-2024 12:25:04 GET /
[*] 14-04-2024 12:25:26 POST /api/teacher/login
[*] 14-04-2024 12:27:29 POST /api/teacher/login
[*] 14-04-2024 12:27:29 GET /dashboard
[*] 14-04-2024 12:27:30 GET /api/book/
[+] 14-04-2024 12:27:58 Server is listening at http://127.0.0.1:3000
[*] 14-04-2024 12:28:13 GET /
[*] 14-04-2024 12:28:34 POST /api/teacher/login
[*] 14-04-2024 12:28:58 POST /api/teacher/login
[*] 14-04-2024 12:28:58 GET /dashboard
[*] 14-04-2024 12:28:58 GET /api/book/
[+] 14-04-2024 12:33:44 Server is listening at http://127.0.0.1:3000
[+] 14-04-2024 12:33:59 Server is listening at http://127.0.0.1:3000
[+] 14-04-2024 12:35:30 Server is listening at http://127.0.0.1:3000
[+] 14-04-2024 12:35:38 Server is listening at http://127.0.0.1:3000
[+] 14-04-2024 12:37:48 Server is listening at http://127.0.0.1:3000
[+] 14-04-2024 12:39:14 Server is listening at http://127.0.0.1:3000
[+] 14-04-2024 13:07:33 Server is listening at http://127.0.0.1:3000
[*] 14-04-2024 13:09:38 GET /dashboard
[*] 14-04-2024 13:09:38 GET /
[*] 14-04-2024 13:10:18 POST /api/teacher/login
[*] 14-04-2024 13:10:18 GET /dashboard
[*] 14-04-2024 13:10:18 GET /api/book/
[+] 14-04-2024 18:11:41 Server is listening at http://127.0.0.1:3000
[*] 14-04-2024 18:11:46 GET /
[*] 14-04-2024 18:12:38 POST /api/teacher/login
[*] 14-04-2024 18:14:31 POST /api/teacher/login
[*] 14-04-2024 18:14:31 GET /dashboard
[*] 14-04-2024 18:14:31 GET /api/book/
[+] 14-04-2024 18:21:14 Server is listening at http://127.0.0.1:3000
[*] 14-04-2024 18:21:14 GET /api/book/
[+] 14-04-2024 18:27:43 Server is listening at http://127.0.0.1:3000
[+] 14-04-2024 18:28:22 Server is listening at http://127.0.0.1:3000
[+] 14-04-2024 18:29:16 Server is listening at http://127.0.0.1:3000
[+] 14-04-2024 18:29:41 Server is listening at http://127.0.0.1:3000
[+] 14-04-2024 18:30:38 Server is listening at http://127.0.0.1:3000
[+] 14-04-2024 18:34:09 Server is listening at http://127.0.0.1:3000
[*] 14-04-2024 18:34:13 GET /dashboard
[*] 14-04-2024 18:34:13 GET /api/book/
[*] 14-04-2024 18:34:17 GET /
[*] 14-04-2024 18:34:17 GET /dashboard
[*] 14-04-2024 18:34:17 GET /api/book/
[*] 14-04-2024 18:34:24 GET /
[*] 14-04-2024 18:34:24 GET /dashboard
[*] 14-04-2024 18:34:24 GET /api/book/
[*] 14-04-2024 18:34:44 GET /
[*] 14-04-2024 18:34:44 GET /dashboard
[*] 14-04-2024 18:34:52 GET /
[*] 14-04-2024 18:34:52 GET /dashboard
[*] 14-04-2024 18:35:04 GET /api/book/
[*] 14-04-2024 18:35:12 GET /api/book/
[*] 14-04-2024 18:36:02 GET /
[*] 14-04-2024 18:36:46 GET /
[*] 14-04-2024 18:36:46 GET /dashboard
[*] 14-04-2024 18:36:47 GET /api/book/
[*] 14-04-2024 18:36:58 GET /
[*] 14-04-2024 18:37:19 GET /
[*] 14-04-2024 18:37:32 POST /api/teacher/login
[*] 14-04-2024 18:37:32 GET /dashboard
[*] 14-04-2024 18:37:32 GET /api/book/
[*] 14-04-2024 18:37:36 GET /
[*] 14-04-2024 18:37:36 GET /dashboard
[*] 14-04-2024 18:37:56 GET /api/book/
[*] 14-04-2024 18:40:15 GET /
[*] 14-04-2024 18:40:15 GET /dashboard
[*] 14-04-2024 18:40:15 GET /
[*] 14-04-2024 18:40:15 GET /dashboard
[*] 14-04-2024 18:40:15 GET /
[*] 14-04-2024 18:40:15 GET /dashboard
[*] 14-04-2024 18:40:15 GET /
[*] 14-04-2024 18:40:15 GET /dashboard
[*] 14-04-2024 18:40:15 GET /
[*] 14-04-2024 18:40:15 GET /dashboard
[*] 14-04-2024 18:40:15 GET /
[*] 14-04-2024 18:40:15 GET /dashboard
[*] 14-04-2024 18:40:15 GET /
[*] 14-04-2024 18:40:15 GET /dashboard
[*] 14-04-2024 18:40:15 GET /
[*] 14-04-2024 18:40:15 GET /dashboard
[*] 14-04-2024 18:40:15 GET /
[*] 14-04-2024 18:40:15 GET /dashboard
[*] 14-04-2024 18:40:15 GET /
[*] 14-04-2024 18:40:15 GET /dashboard
[*] 14-04-2024 18:40:20 GET /dashboard
[*] 14-04-2024 18:40:20 GET /
[*] 14-04-2024 18:40:20 GET /dashboard
[*] 14-04-2024 18:40:20 GET /
[*] 14-04-2024 18:40:20 GET /dashboard
[*] 14-04-2024 18:40:20 GET /
[*] 14-04-2024 18:40:20 GET /dashboard
[*] 14-04-2024 18:40:20 GET /
[*] 14-04-2024 18:40:20 GET /dashboard
[*] 14-04-2024 18:40:20 GET /
[*] 14-04-2024 18:40:20 GET /dashboard
[*] 14-04-2024 18:40:20 GET /
[*] 14-04-2024 18:40:20 GET /dashboard
[*] 14-04-2024 18:40:20 GET /
[*] 14-04-2024 18:40:20 GET /dashboard
[*] 14-04-2024 18:40:20 GET /
[*] 14-04-2024 18:40:20 GET /dashboard
[*] 14-04-2024 18:40:20 GET /
[*] 14-04-2024 18:40:20 GET /dashboard
[*] 14-04-2024 18:40:20 GET /
[*] 14-04-2024 18:40:21 GET /
[*] 14-04-2024 18:40:21 GET /dashboard
[*] 14-04-2024 18:40:21 GET /
[*] 14-04-2024 18:40:21 GET /dashboard
[*] 14-04-2024 18:40:21 GET /
[*] 14-04-2024 18:40:21 GET /dashboard
[*] 14-04-2024 18:40:21 GET /
[*] 14-04-2024 18:40:21 GET /dashboard
[*] 14-04-2024 18:40:21 GET /
[*] 14-04-2024 18:40:21 GET /dashboard
[*] 14-04-2024 18:40:21 GET /
[*] 14-04-2024 18:40:21 GET /dashboard
[*] 14-04-2024 18:40:21 GET /
[*] 14-04-2024 18:40:21 GET /dashboard
[*] 14-04-2024 18:40:21 GET /
[*] 14-04-2024 18:40:21 GET /dashboard
[*] 14-04-2024 18:40:21 GET /
[*] 14-04-2024 18:40:21 GET /dashboard
[*] 14-04-2024 18:40:21 GET /
[*] 14-04-2024 18:40:21 GET /dashboard
[*] 14-04-2024 18:40:26 GET /dashboard
[*] 14-04-2024 18:40:26 GET /
[*] 14-04-2024 18:40:26 GET /dashboard
[*] 14-04-2024 18:40:26 GET /
[*] 14-04-2024 18:40:26 GET /dashboard
[*] 14-04-2024 18:40:26 GET /
[*] 14-04-2024 18:40:26 GET /dashboard
[*] 14-04-2024 18:40:26 GET /
[*] 14-04-2024 18:40:26 GET /dashboard
[*] 14-04-2024 18:40:26 GET /
[*] 14-04-2024 18:40:26 GET /dashboard
[*] 14-04-2024 18:40:26 GET /
[*] 14-04-2024 18:40:26 GET /dashboard
[*] 14-04-2024 18:40:26 GET /
[*] 14-04-2024 18:40:26 GET /dashboard
[*] 14-04-2024 18:40:26 GET /
[*] 14-04-2024 18:40:26 GET /dashboard
[*] 14-04-2024 18:40:26 GET /
[*] 14-04-2024 18:40:26 GET /dashboard
[*] 14-04-2024 18:40:26 GET /
[*] 14-04-2024 18:40:40 GET /
[*] 14-04-2024 18:40:40 GET /dashboard
[*] 14-04-2024 18:40:40 GET /
[*] 14-04-2024 18:40:40 GET /dashboard
[*] 14-04-2024 18:40:40 GET /
[*] 14-04-2024 18:40:40 GET /dashboard
[*] 14-04-2024 18:40:40 GET /
[*] 14-04-2024 18:40:40 GET /dashboard
[*] 14-04-2024 18:40:40 GET /
[*] 14-04-2024 18:40:40 GET /dashboard
[*] 14-04-2024 18:40:40 GET /
[*] 14-04-2024 18:40:40 GET /dashboard
[*] 14-04-2024 18:40:40 GET /
[*] 14-04-2024 18:40:40 GET /dashboard
[*] 14-04-2024 18:40:40 GET /
[*] 14-04-2024 18:40:40 GET /dashboard
[*] 14-04-2024 18:40:40 GET /
[*] 14-04-2024 18:40:40 GET /dashboard
[*] 14-04-2024 18:40:40 GET /
[*] 14-04-2024 18:40:40 GET /dashboard
[*] 14-04-2024 18:40:40 GET /dashboard
[*] 14-04-2024 18:40:40 GET /
[*] 14-04-2024 18:40:40 GET /dashboard
[*] 14-04-2024 18:40:40 GET /
[*] 14-04-2024 18:40:40 GET /dashboard
[*] 14-04-2024 18:40:40 GET /
[*] 14-04-2024 18:40:40 GET /dashboard
[*] 14-04-2024 18:40:40 GET /
[*] 14-04-2024 18:40:40 GET /dashboard
[*] 14-04-2024 18:40:40 GET /
[*] 14-04-2024 18:40:40 GET /dashboard
[*] 14-04-2024 18:40:41 GET /
[*] 14-04-2024 18:40:41 GET /dashboard
[*] 14-04-2024 18:40:41 GET /
[*] 14-04-2024 18:40:41 GET /dashboard
[*] 14-04-2024 18:40:41 GET /
[*] 14-04-2024 18:40:41 GET /dashboard
[*] 14-04-2024 18:40:41 GET /
[*] 14-04-2024 18:40:41 GET /dashboard
[*] 14-04-2024 18:40:41 GET /
[*] 14-04-2024 18:41:11 GET /
[*] 14-04-2024 18:41:11 GET /dashboard
[*] 14-04-2024 18:41:11 GET /
[*] 14-04-2024 18:41:11 GET /dashboard
[*] 14-04-2024 18:41:11 GET /
[*] 14-04-2024 18:41:11 GET /dashboard
[*] 14-04-2024 18:41:11 GET /
[*] 14-04-2024 18:41:11 GET /dashboard
[*] 14-04-2024 18:41:11 GET /
[*] 14-04-2024 18:41:11 GET /dashboard
[*] 14-04-2024 18:41:11 GET /
[*] 14-04-2024 18:41:11 GET /dashboard
[*] 14-04-2024 18:41:11 GET /
[*] 14-04-2024 18:41:11 GET /dashboard
[*] 14-04-2024 18:41:11 GET /
[*] 14-04-2024 18:41:11 GET /dashboard
[*] 14-04-2024 18:41:11 GET /
[*] 14-04-2024 18:41:11 GET /dashboard
[*] 14-04-2024 18:41:11 GET /
[*] 14-04-2024 18:41:11 GET /dashboard
[*] 14-04-2024 18:42:11 GET /dashboard
[*] 14-04-2024 18:42:11 GET /
[*] 14-04-2024 18:42:11 GET /dashboard
[*] 14-04-2024 18:42:11 GET /
[*] 14-04-2024 18:42:11 GET /dashboard
[*] 14-04-2024 18:42:11 GET /
[*] 14-04-2024 18:42:11 GET /dashboard
[*] 14-04-2024 18:42:11 GET /
[*] 14-04-2024 18:42:11 GET /dashboard
[*] 14-04-2024 18:42:11 GET /
[*] 14-04-2024 18:42:11 GET /dashboard
[*] 14-04-2024 18:42:11 GET /
[*] 14-04-2024 18:42:11 GET /dashboard
[*] 14-04-2024 18:42:11 GET /
[*] 14-04-2024 18:42:11 GET /dashboard
[*] 14-04-2024 18:42:11 GET /
[*] 14-04-2024 18:42:11 GET /dashboard
[*] 14-04-2024 18:42:11 GET /
[*] 14-04-2024 18:42:11 GET /dashboard
[*] 14-04-2024 18:42:11 GET /
[+] 14-04-2024 18:42:51 Server is listening at http://127.0.0.1:3000
[*] 14-04-2024 18:42:52 GET /api/book/
[+] 14-04-2024 18:47:30 Server is listening at http://127.0.0.1:3000
[*] 14-04-2024 18:48:13 GET /
[*] 14-04-2024 18:48:23 POST /api/teacher/login
[*] 14-04-2024 18:48:23 GET /dashboard
[*] 14-04-2024 18:48:23 GET /api/book/
[*] 14-04-2024 18:49:20 GET /
[*] 14-04-2024 18:49:20 GET /dashboard
[*] 14-04-2024 18:49:20 GET /
[+] 14-04-2024 19:21:55 Server is listening at http://127.0.0.1:3000
[*] 14-04-2024 19:23:06 GET /
[*] 14-04-2024 19:23:06 GET /dashboard
[*] 14-04-2024 19:23:06 GET /
[*] 14-04-2024 19:23:37 POST /api/teacher/login
[*] 14-04-2024 19:23:37 GET /dashboard
[*] 14-04-2024 19:23:37 GET /api/book/
[*] 14-04-2024 19:24:36 GET /
[*] 14-04-2024 19:24:36 GET /dashboard
[*] 14-04-2024 19:24:37 GET /api/book/
[*] 14-04-2024 19:24:49 GET /
[*] 14-04-2024 19:25:17 POST /api/teacher/login
[*] 14-04-2024 19:25:52 POST /api/teacher/login
[*] 14-04-2024 19:25:52 GET /dashboard
[*] 14-04-2024 19:25:53 GET /api/book/
[*] 14-04-2024 19:41:19 GET /dashboard
[*] 14-04-2024 19:41:19 GET /
[+] 14-04-2024 22:08:49 Server is listening at http://127.0.0.1:3000
[*] 14-04-2024 22:09:07 GET /
[*] 14-04-2024 22:09:07 GET /dashboard
[*] 14-04-2024 22:09:07 GET /
[*] 14-04-2024 22:10:31 POST /api/teacher/login
[*] 14-04-2024 22:10:31 GET /dashboard
[*] 14-04-2024 22:10:31 GET /api/book/
[+] 14-04-2024 22:12:47 Server is listening at http://127.0.0.1:3000
[*] 14-04-2024 22:12:47 GET /api/book/
[+] 14-04-2024 22:13:34 Server is listening at http://127.0.0.1:3000
[+] 14-04-2024 22:16:03 Server is listening at http://127.0.0.1:3000
[+] 14-04-2024 22:19:03 Server is listening at http://127.0.0.1:3000
[+] 14-04-2024 22:19:19 Server is listening at http://127.0.0.1:3000
[*] 14-04-2024 22:20:14 GET /
[*] 14-04-2024 22:21:08 POST /api/teacher/login
[*] 14-04-2024 22:21:08 GET /dashboard
[*] 14-04-2024 22:21:08 GET /api/book/
[+] 14-04-2024 22:22:09 Server is listening at http://127.0.0.1:3000
[*] 14-04-2024 22:22:09 GET /api/book/
[*] 14-04-2024 22:23:07 GET /
[*] 14-04-2024 22:23:42 POST /api/teacher/login
[*] 14-04-2024 22:23:42 GET /dashboard
[*] 14-04-2024 22:23:42 GET /api/book/
[+] 14-04-2024 22:30:52 Server is listening at http://127.0.0.1:3000
[*] 14-04-2024 22:30:52 GET /api/book/
[+] 14-04-2024 22:31:31 Server is listening at http://127.0.0.1:3000
[+] 14-04-2024 22:33:35 Server is listening at http://127.0.0.1:3000
[+] 14-04-2024 22:33:57 Server is listening at http://127.0.0.1:3000
[+] 14-04-2024 22:34:23 Server is listening at http://127.0.0.1:3000
[+] 14-04-2024 22:37:15 Server is listening at http://127.0.0.1:3000
[*] 14-04-2024 22:38:04 GET /
[*] 14-04-2024 22:38:43 POST /api/teacher/login
[*] 14-04-2024 22:38:44 GET /dashboard
[*] 14-04-2024 22:38:44 GET /api/book/
[*] 14-04-2024 22:40:42 GET /dashboard
[*] 14-04-2024 22:40:42 GET /api/book/
[*] 14-04-2024 22:40:53 GET /dashboard
[*] 14-04-2024 22:40:53 GET /api/book/
[*] 14-04-2024 22:41:10 GET /dashboard
[+] 14-04-2024 22:41:53 Server is listening at http://127.0.0.1:3000
[*] 14-04-2024 22:42:51 GET /
[*] 14-04-2024 22:42:51 GET /dashboard
[*] 14-04-2024 22:42:51 GET /api/book/
[*] 14-04-2024 22:44:59 GET /
[*] 14-04-2024 22:44:59 GET /dashboard
[*] 14-04-2024 22:44:59 GET /api/book/
[*] 14-04-2024 22:48:01 GET /dashboard
[*] 14-04-2024 22:48:01 GET /api/book/
[*] 14-04-2024 22:48:18 GET /dashboard
[*] 14-04-2024 22:48:18 GET /api/book/
[*] 14-04-2024 22:48:32 GET /dashboard
[*] 14-04-2024 22:48:32 GET /api/book/
[*] 14-04-2024 22:48:48 GET /dashboard
[+] 14-04-2024 22:52:31 Server is listening at http://127.0.0.1:3000
[+] 14-04-2024 22:54:42 Server is listening at http://127.0.0.1:3000
[*] 14-04-2024 22:55:28 GET /
[*] 14-04-2024 22:56:08 POST /api/teacher/login
[*] 14-04-2024 22:56:08 GET /dashboard
[*] 14-04-2024 22:56:08 GET /api/book/
[*] 14-04-2024 22:56:54 GET /dashboard
[*] 14-04-2024 22:56:54 GET /api/book/
[*] 14-04-2024 22:56:56 GET /dashboard
[*] 14-04-2024 22:56:56 GET /api/book/
[*] 14-04-2024 22:56:58 GET /dashboard
[*] 14-04-2024 22:57:25 GET /
[*] 14-04-2024 22:57:25 GET /dashboard
[*] 14-04-2024 22:57:41 GET /dashboard
[*] 14-04-2024 22:57:53 GET /dashboard
[*] 14-04-2024 22:57:59 GET /api/book/